==50393== Memcheck, a memory error detector
==50393== Copyright (C) 2002-2015, and GNU GPL'd, by Julian Seward et al.
==50393== Using Valgrind-3.11.0 and LibVEX; rerun with -h for copyright info
==50393== Command: ./junGL
==50393== Parent PID: 50367
==50393== 
--50393-- 
--50393-- Valgrind options:
--50393--    --tool=memcheck
--50393--    --leak-check=full
--50393--    --verbose
--50393--    --log-file=memcheck.log
--50393--    --track-origins=yes
--50393-- Output from sysctl({CTL_KERN,KERN_VERSION}):
--50393--   Darwin Kernel Version 15.3.0: Thu Dec 10 18:40:58 PST 2015; root:xnu-3248.30.4~1/RELEASE_X86_64
--50393-- Arch and hwcaps: AMD64, LittleEndian, amd64-cx16-rdtscp-sse3
--50393-- Page sizes: currently 4096, max supported 4096
--50393-- Valgrind library directory: /usr/local/Cellar/valgrind/3.11.0/lib/valgrind
--50393-- ./junGL (rx at 0x100000000, rw at 0x100186000)
--50393--    reading syms   from primary file (1336 6022)
--50393--    dSYM= ./junGL.dSYM/Contents/Resources/DWARF/junGL
--50393--    reading dwarf3 from dsyms file
--50393-- /usr/lib/dyld (rx at 0x7fff5fc00000, rw at 0x7fff5fc38000)
--50393--    reading syms   from primary file (6 1226)
--50393-- Scheduler: using generic scheduler lock implementation.
--50393-- Reading suppressions file: /usr/local/Cellar/valgrind/3.11.0/lib/valgrind/default.supp
==50393== embedded gdbserver: reading from /var/folders/5v/vmgx4wvs7bjcsb886yyc607w0000gn/T//vgdb-pipe-from-vgdb-to-50393-by-cheng109-on-???
==50393== embedded gdbserver: writing to   /var/folders/5v/vmgx4wvs7bjcsb886yyc607w0000gn/T//vgdb-pipe-to-vgdb-from-50393-by-cheng109-on-???
==50393== embedded gdbserver: shared mem   /var/folders/5v/vmgx4wvs7bjcsb886yyc607w0000gn/T//vgdb-pipe-shared-mem-vgdb-50393-by-cheng109-on-???
==50393== 
==50393== TO CONTROL THIS PROCESS USING vgdb (which you probably
==50393== don't want to do, unless you know exactly what you're doing,
==50393== or are doing some strange experiment):
==50393==   /usr/local/Cellar/valgrind/3.11.0/lib/valgrind/../../bin/vgdb --pid=50393 ...command...
==50393== 
==50393== TO DEBUG THIS PROCESS USING GDB: start GDB like this
==50393==   /path/to/gdb ./junGL
==50393== and then give GDB the following command
==50393==   target remote | /usr/local/Cellar/valgrind/3.11.0/lib/valgrind/../../bin/vgdb --pid=50393
==50393== --pid is optional if only one valgrind process is running
==50393== 
--50393-- REDIR: 0x7fff5fc1e619 (dyld:arc4random) redirected to 0x23805ba1f (???)
--50393-- REDIR: 0x7fff5fc247e0 (dyld:strcmp) redirected to 0x23805b981 (???)
--50393-- REDIR: 0x7fff5fc1e3e0 (dyld:strlen) redirected to 0x23805b950 (???)
--50393-- REDIR: 0x7fff5fc1e340 (dyld:strcpy) redirected to 0x23805b99d (???)
--50393-- REDIR: 0x7fff5fc21d3f (dyld:strcat) redirected to 0x23805b961 (???)
--50393-- REDIR: 0x7fff5fc21d7f (dyld:strlcat) redirected to 0x23805b9ba (???)
--50393-- /usr/local/Cellar/valgrind/3.11.0/lib/valgrind/vgpreload_core-amd64-darwin.so (rx at 0x10022d000, rw at 0x10022f000)
--50393--    reading syms   from primary file (3 21)
--50393--    dSYM= /usr/local/Cellar/valgrind/3.11.0/lib/valgrind/vgpreload_core-amd64-darwin.so.dSYM/Contents/Resources/DWARF/vgpreload_core-amd64-darwin.so
--50393-- /usr/local/Cellar/valgrind/3.11.0/lib/valgrind/vgpreload_memcheck-amd64-darwin.so (rx at 0x100231000, rw at 0x100237000)
--50393--    reading syms   from primary file (72 29)
--50393--    dSYM= /usr/local/Cellar/valgrind/3.11.0/lib/valgrind/vgpreload_memcheck-amd64-darwin.so.dSYM/Contents/Resources/DWARF/vgpreload_memcheck-amd64-darwin.so
--50393-- /usr/local/Cellar/gsl/1.16/lib/libgsl.0.dylib (rx at 0x10023a000, rw at 0x10038b000)
--50393--    reading syms   from primary file (4243 1315)
--50393-- /usr/local/gfortran/lib/libgfortran.3.dylib (rx at 0x1003e6000, rw at 0x100500000)
--50393--    reading syms   from primary file (1327 10741)
--50393-- /usr/lib/libc++.1.dylib (rx at 0x100569000, rw at 0x1005bd000)
--50393--    reading syms   from primary file (1960 1590)
--50393-- /usr/lib/libSystem.B.dylib (rx at 0x100619000, rw at 0x10061b000)
--50393--    reading syms   from primary file (31 5)
--50393-- /usr/lib/system/libcache.dylib (rx at 0x100620000, rw at 0x100625000)
--50393--    reading syms   from primary file (32 30)
--50393-- /usr/lib/system/libcommonCrypto.dylib (rx at 0x10062a000, rw at 0x100636000)
--50393--    reading syms   from primary file (214 188)
--50393-- /usr/lib/system/libcompiler_rt.dylib (rx at 0x100643000, rw at 0x10064b000)
--50393--    reading syms   from primary file (510 8)
--50393-- /usr/lib/system/libcopyfile.dylib (rx at 0x100658000, rw at 0x100661000)
--50393--    reading syms   from primary file (13 35)
--50393-- /usr/lib/system/libcorecrypto.dylib (rx at 0x100667000, rw at 0x1006df000)
--50393--    reading syms   from primary file (430 601)
--50393-- /usr/lib/system/libdispatch.dylib (rx at 0x1006f7000, rw at 0x100725000)
--50393--    reading syms   from primary file (215 832)
--50393-- /usr/lib/system/libdyld.dylib (rx at 0x10074e000, rw at 0x100752000)
--50393--    reading syms   from primary file (80 109)
--50393-- /usr/lib/system/libkeymgr.dylib (rx at 0x100759000, rw at 0x10075a000)
--50393--    reading syms   from primary file (12 3)
--50393-- /usr/lib/system/libmacho.dylib (rx at 0x100765000, rw at 0x10076b000)
--50393--    reading syms   from primary file (97 1)
--50393-- /usr/lib/system/libquarantine.dylib (rx at 0x100771000, rw at 0x100774000)
--50393--    reading syms   from primary file (67 32)
--50393-- /usr/lib/system/libremovefile.dylib (rx at 0x10077a000, rw at 0x10077c000)
--50393--    reading syms   from primary file (15 4)
--50393-- /usr/lib/system/libsystem_asl.dylib (rx at 0x100781000, rw at 0x100799000)
--50393--    reading syms   from primary file (222 225)
--50393-- /usr/lib/system/libsystem_blocks.dylib (rx at 0x1007a6000, rw at 0x1007a8000)
--50393--    reading syms   from primary file (25 22)
--50393-- /usr/lib/system/libsystem_c.dylib (rx at 0x1007ac000, rw at 0x10083a000)
--50393--    reading syms   from primary file (1303 748)
--50393-- /usr/lib/system/libsystem_configuration.dylib (rx at 0x100865000, rw at 0x100868000)
--50393--    reading syms   from primary file (28 57)
--50393-- /usr/lib/system/libsystem_coreservices.dylib (rx at 0x10086e000, rw at 0x100871000)
--50393--    reading syms   from primary file (13 30)
--50393-- /usr/lib/system/libsystem_coretls.dylib (rx at 0x100876000, rw at 0x10088d000)
--50393--    reading syms   from primary file (118 257)
--50393-- /usr/lib/system/libsystem_dnssd.dylib (rx at 0x100898000, rw at 0x1008a1000)
--50393--    reading syms   from primary file (68 33)
--50393-- /usr/lib/system/libsystem_info.dylib (rx at 0x1008a7000, rw at 0x1008d1000)
--50393--    reading syms   from primary file (526 527)
--50393-- /usr/lib/system/libsystem_kernel.dylib (rx at 0x1008e6000, rw at 0x100905000)
--50393--    reading syms   from primary file (1054 83)
--50393-- /usr/lib/system/libsystem_m.dylib (rx at 0x10091a000, rw at 0x10094a000)
--50393--    reading syms   from primary file (593 1)
--50393-- /usr/lib/system/libsystem_malloc.dylib (rx at 0x100956000, rw at 0x100973000)
--50393--    reading syms   from primary file (102 201)
--50393-- /usr/lib/system/libsystem_network.dylib (rx at 0x10097c000, rw at 0x1009de000)
--50393--    reading syms   from primary file (672 1972)
--50393-- /usr/lib/system/libsystem_networkextension.dylib (rx at 0x100a14000, rw at 0x100a1d000)
--50393--    reading syms   from primary file (82 235)
--50393-- /usr/lib/system/libsystem_notify.dylib (rx at 0x100a28000, rw at 0x100a32000)
--50393--    reading syms   from primary file (136 53)
--50393-- /usr/lib/system/libsystem_platform.dylib (rx at 0x100a3a000, rw at 0x100a43000)
--50393--    reading syms   from primary file (142 158)
--50393-- /usr/lib/system/libsystem_pthread.dylib (rx at 0x100a4b000, rw at 0x100a55000)
--50393--    reading syms   from primary file (163 70)
--50393-- /usr/lib/system/libsystem_sandbox.dylib (rx at 0x100a62000, rw at 0x100a66000)
--50393--    reading syms   from primary file (79 7)
--50393-- /usr/lib/system/libsystem_secinit.dylib (rx at 0x100a6c000, rw at 0x100a6e000)
--50393--    reading syms   from primary file (3 6)
--50393-- /usr/lib/system/libsystem_trace.dylib (rx at 0x100a73000, rw at 0x100a85000)
--50393--    reading syms   from primary file (94 351)
--50393-- /usr/lib/system/libunwind.dylib (rx at 0x100a97000, rw at 0x100a9d000)
--50393--    reading syms   from primary file (102 52)
--50393-- /usr/lib/system/libxpc.dylib (rx at 0x100aa4000, rw at 0x100ace000)
--50393--    reading syms   from primary file (503 833)
--50393-- /usr/lib/libobjc.A.dylib (rx at 0x100aec000, rw at 0x100e58000)
--50393--    reading syms   from primary file (347 935)
--50393-- /usr/lib/libauto.dylib (rx at 0x100f38000, rw at 0x100f7f000)
--50393--    reading syms   from primary file (68 658)
--50393-- /usr/lib/libc++abi.dylib (rx at 0x100f94000, rw at 0x100fbe000)
--50393--    reading syms   from primary file (337 181)
--50393-- /usr/lib/libDiagnosticMessagesClient.dylib (rx at 0x100fcc000, rw at 0x100fce000)
--50393--    reading syms   from primary file (21 14)
--50393-- /usr/local/gfortran/lib/libquadmath.0.dylib (rx at 0x100fd3000, rw at 0x10100b000)
--50393--    reading syms   from primary file (98 1394)
--50393-- /usr/local/gfortran/lib/libgcc_s.1.dylib (rx at 0x101019000, rw at 0x10102f000)
--50393--    reading syms   from primary file (159 1046)
--50393-- REDIR: 0x100a3aae0 (libsystem_platform.dylib:_platform_memchr$VARIANT$Generic) redirected to 0x100234b45 (_platform_memchr$VARIANT$Generic)
--50393-- REDIR: 0x100a3aca0 (libsystem_platform.dylib:_platform_memcmp) redirected to 0x1002350af (_platform_memcmp)
--50393-- REDIR: 0x100a3b520 (libsystem_platform.dylib:_platform_strncmp) redirected to 0x100234a25 (_platform_strncmp)
--50393-- REDIR: 0x1009570b2 (libsystem_malloc.dylib:malloc) redirected to 0x100232e3a (malloc)
--50393-- REDIR: 0x1007ad140 (libsystem_c.dylib:strlen) redirected to 0x1002346b4 (strlen)
--50393-- REDIR: 0x100a3bb00 (libsystem_platform.dylib:_platform_strcmp) redirected to 0x100234ac5 (_platform_strcmp)
--50393-- REDIR: 0x100959ec7 (libsystem_malloc.dylib:free) redirected to 0x10023327a (free)
--50393-- REDIR: 0x10095c328 (libsystem_malloc.dylib:calloc) redirected to 0x1002334f2 (calloc)
--50393-- REDIR: 0x100959ea8 (libsystem_malloc.dylib:malloc_default_zone) redirected to 0x1002342a4 (malloc_default_zone)
--50393-- REDIR: 0x10095856a (libsystem_malloc.dylib:malloc_zone_malloc) redirected to 0x1002330ee (malloc_zone_malloc)
--50393-- REDIR: 0x10095b969 (libsystem_malloc.dylib:malloc_zone_calloc) redirected to 0x1002336f4 (malloc_zone_calloc)
--50393-- REDIR: 0x10095ba22 (libsystem_malloc.dylib:malloc_zone_from_ptr) redirected to 0x1002342e5 (malloc_zone_from_ptr)
--50393-- REDIR: 0x100a3b680 (libsystem_platform.dylib:_platform_strchr$VARIANT$Generic) redirected to 0x10023454d (_platform_strchr$VARIANT$Generic)
--50393-- REDIR: 0x10095ee33 (libsystem_malloc.dylib:realloc) redirected to 0x100233896 (realloc)
--50393-- REDIR: 0x10095ce67 (libsystem_malloc.dylib:malloc_zone_memalign) redirected to 0x100233e3c (malloc_zone_memalign)
--50393-- REDIR: 0x1007ad1a0 (libsystem_c.dylib:strncpy) redirected to 0x10023483e (strncpy)
==50393== 
==50393== HEAP SUMMARY:
==50393==     in use at exit: 115,292,020 bytes in 40,251 blocks
==50393==   total heap usage: 437,768 allocs, 397,517 frees, 384,672,636 bytes allocated
==50393== 
==50393== Searching for pointers to 40,251 not-freed blocks
==50393== Checked 69,057,888 bytes
==50393== 
==50393== 324 (80 direct, 244 indirect) bytes in 1 blocks are definitely lost in loss record 67 of 123
==50393==    at 0x100232EBB: malloc (in /usr/local/Cellar/valgrind/3.11.0/lib/valgrind/vgpreload_memcheck-amd64-darwin.so)
==50393==    by 0x1007CC8D6: __Balloc_D2A (in /usr/lib/system/libsystem_c.dylib)
==50393==    by 0x1007CD21F: __d2b_D2A (in /usr/lib/system/libsystem_c.dylib)
==50393==    by 0x1007C9877: __dtoa (in /usr/lib/system/libsystem_c.dylib)
==50393==    by 0x1007F23E6: __vfprintf (in /usr/lib/system/libsystem_c.dylib)
==50393==    by 0x10081B6C8: __v2printf (in /usr/lib/system/libsystem_c.dylib)
==50393==    by 0x1007FF914: _vsnprintf (in /usr/lib/system/libsystem_c.dylib)
==50393==    by 0x1007FF973: vsnprintf_l (in /usr/lib/system/libsystem_c.dylib)
==50393==    by 0x1007EFE1D: snprintf_l (in /usr/lib/system/libsystem_c.dylib)
==50393==    by 0x100594752: std::__1::num_put<char, std::__1::ostreambuf_iterator<char, std::__1::char_traits<char> > >::do_put(std::__1::ostreambuf_iterator<char, std::__1::char_traits<char> >, std::__1::ios_base&, char, double) const (in /usr/lib/libc++.1.dylib)
==50393==    by 0x10057AB33: std::__1::basic_ostream<char, std::__1::char_traits<char> >::operator<<(double) (in /usr/lib/libc++.1.dylib)
==50393==    by 0x100001E6D: Conf::printConfList() (in ./junGL)
==50393== 
==50393== 51,264,852 (1,616 direct, 51,263,236 indirect) bytes in 1 blocks are definitely lost in loss record 122 of 123
==50393==    at 0x100232EBB: malloc (in /usr/local/Cellar/valgrind/3.11.0/lib/valgrind/vgpreload_memcheck-amd64-darwin.so)
==50393==    by 0x1005A57DD: operator new(unsigned long) (in /usr/lib/libc++.1.dylib)
==50393==    by 0x100034FFE: gridSearch(Conf*, MultModelParam, Image*, Eigen::Matrix<double, -1, 1, 0, -1, 1>, std::__1::basic_string<char, std::__1::char_traits<char>, std::__1::allocator<char> >, double) (in ./junGL)
==50393==    by 0x10000BFA4: main (in ./junGL)
==50393== 
==50393== 64,000,000 bytes in 1 blocks are possibly lost in loss record 123 of 123
==50393==    at 0x100232EBB: malloc (in /usr/local/Cellar/valgrind/3.11.0/lib/valgrind/vgpreload_memcheck-amd64-darwin.so)
==50393==    by 0x1005A57DD: operator new(unsigned long) (in /usr/lib/libc++.1.dylib)
==50393==    by 0x100012004: Model::Model(Conf*, MultModelParam, double) (in ./junGL)
==50393==    by 0x10003502A: gridSearch(Conf*, MultModelParam, Image*, Eigen::Matrix<double, -1, 1, 0, -1, 1>, std::__1::basic_string<char, std::__1::char_traits<char>, std::__1::allocator<char> >, double) (in ./junGL)
==50393==    by 0x10000BFA4: main (in ./junGL)
==50393== 
==50393== LEAK SUMMARY:
==50393==    definitely lost: 1,696 bytes in 2 blocks
==50393==    indirectly lost: 51,263,480 bytes in 40,054 blocks
==50393==      possibly lost: 64,000,000 bytes in 1 blocks
==50393==    still reachable: 4,096 bytes in 1 blocks
==50393==         suppressed: 22,748 bytes in 193 blocks
==50393== Reachable blocks (those to which a pointer was found) are not shown.
==50393== To see them, rerun with: --leak-check=full --show-leak-kinds=all
==50393== 
==50393== ERROR SUMMARY: 3 errors from 3 contexts (suppressed: 19 from 19)
--50393-- 
--50393-- used_suppression:      1 OSX1011:21-Leak /usr/local/Cellar/valgrind/3.11.0/lib/valgrind/default.supp:944 suppressed: 4,096 bytes in 1 blocks
--50393-- used_suppression:     11 OSX1011:5-Leak /usr/local/Cellar/valgrind/3.11.0/lib/valgrind/default.supp:787 suppressed: 3,408 bytes in 56 blocks
--50393-- used_suppression:      3 OSX1011:16-Leak /usr/local/Cellar/valgrind/3.11.0/lib/valgrind/default.supp:897 suppressed: 2,816 bytes in 44 blocks
--50393-- used_suppression:      2 OSX1011:4-Leak /usr/local/Cellar/valgrind/3.11.0/lib/valgrind/default.supp:778 suppressed: 4,152 bytes in 2 blocks
--50393-- used_suppression:      4 OSX1011:19-Leak /usr/local/Cellar/valgrind/3.11.0/lib/valgrind/default.supp:924 suppressed: 3,656 bytes in 4 blocks
--50393-- used_suppression:      3 OSX1011:18-Leak /usr/local/Cellar/valgrind/3.11.0/lib/valgrind/default.supp:915 suppressed: 2,064 bytes in 3 blocks
--50393-- used_suppression:     19 OSX1011:10-Leak /usr/local/Cellar/valgrind/3.11.0/lib/valgrind/default.supp:839 suppressed: 3,084 bytes in 41 blocks
--50393-- used_suppression:      2 OSX1011:8-Leak /usr/local/Cellar/valgrind/3.11.0/lib/valgrind/default.supp:819 suppressed: 520 bytes in 2 blocks
--50393-- used_suppression:      2 OSX1011:20-Leak /usr/local/Cellar/valgrind/3.11.0/lib/valgrind/default.supp:934 suppressed: 224 bytes in 5 blocks
--50393-- used_suppression:      8 OSX1011:7-Leak /usr/local/Cellar/valgrind/3.11.0/lib/valgrind/default.supp:808 suppressed: 736 bytes in 26 blocks
--50393-- used_suppression:      8 OSX1011:6-Leak /usr/local/Cellar/valgrind/3.11.0/lib/valgrind/default.supp:797 suppressed: 248 bytes in 8 blocks
--50393-- used_suppression:      1 OSX1011:17-Leak /usr/local/Cellar/valgrind/3.11.0/lib/valgrind/default.supp:906 suppressed: 32 bytes in 1 blocks
==50393== 
==50393== ERROR SUMMARY: 3 errors from 3 contexts (suppressed: 19 from 19)
